Base path: 'D:/programs/unity/2019.4.23f1/Editor/Data', plugins path 'D:/programs/unity/2019.4.23f1/Editor/Data/PlaybackEngines'
Cmd: initializeCompiler
Cmd: preprocess
  insize=2429 outsize=1092 ok=1
Cmd: preprocess
  insize=1633 outsize=232 ok=1
Cmd: preprocess
  insize=1380 outsize=265 ok=1
Cmd: preprocessCompute
  insize=18763 outsize=18785 ok=1
Cmd: preprocess
  insize=2439 outsize=823 ok=1
Cmd: preprocess
  insize=7605 outsize=2406 ok=1
Cmd: preprocess
  insize=1219 outsize=420 ok=1
Cmd: preprocess
  insize=5700 outsize=1964 ok=1
Cmd: preprocessCompute
  insize=1274 outsize=1280 ok=1
Cmd: preprocess
  insize=1987 outsize=323 ok=1
Cmd: preprocess
  insize=6365 outsize=385 ok=1
Cmd: preprocess
  insize=2969 outsize=1111 ok=1
Cmd: preprocess
  insize=3958 outsize=719 ok=1
Cmd: preprocess
  insize=4241 outsize=439 ok=1
Cmd: preprocess
  insize=2146 outsize=351 ok=1
Cmd: preprocess
  insize=6624 outsize=1316 ok=1
Cmd: preprocessCompute
  insize=1607 outsize=1613 ok=1
Cmd: preprocess
  insize=1689 outsize=613 ok=1
Cmd: preprocess
  insize=2453 outsize=662 ok=1
Cmd: preprocess
  insize=3466 outsize=1210 ok=1
Cmd: preprocess
  insize=1633 outsize=547 ok=1
Cmd: preprocessCompute
  insize=5186 outsize=5194 ok=1
Cmd: preprocessCompute
  insize=1966 outsize=1972 ok=1
Cmd: preprocess
  insize=7279 outsize=1440 ok=1
Cmd: preprocess
  insize=1416 outsize=865 ok=1
Cmd: preprocess
  insize=18053 outsize=2592 ok=1
Cmd: preprocess
  insize=1676 outsize=1080 ok=1
Cmd: preprocess
  insize=9273 outsize=4437 ok=1
Cmd: preprocess
  insize=3790 outsize=237 ok=1
Cmd: preprocess
  insize=4816 outsize=845 ok=1
Cmd: preprocess
  insize=5245 outsize=488 ok=1
Cmd: preprocess
  insize=2302 outsize=468 ok=1
Cmd: preprocess
  insize=4768 outsize=3342 ok=1
Cmd: preprocessCompute
  insize=3272 outsize=3278 ok=1
Cmd: preprocessCompute
  insize=11220 outsize=11230 ok=1
Cmd: preprocess
  insize=1285 outsize=323 ok=1
Cmd: preprocess
  insize=5539 outsize=353 ok=1
Cmd: preprocessCompute
  insize=2168 outsize=2174 ok=1
Cmd: preprocess
  insize=5452 outsize=1945 ok=1
Cmd: preprocess
  insize=6524 outsize=361 ok=1
Cmd: preprocess
  insize=6896 outsize=4305 ok=1
Cmd: preprocess
  insize=3478 outsize=2592 ok=1
Cmd: preprocess
  insize=3275 outsize=394 ok=1
Cmd: preprocess
  insize=3155 outsize=996 ok=1
Cmd: preprocess
  insize=742 outsize=346 ok=1
Cmd: preprocess
  insize=1183 outsize=286 ok=1
Cmd: preprocess
  insize=6807 outsize=880 ok=1
Cmd: preprocess
  insize=3440 outsize=827 ok=1
Cmd: preprocess
  insize=3836 outsize=374 ok=1
Cmd: preprocess
  insize=1773 outsize=235 ok=1
Cmd: preprocess
  insize=6547 outsize=4089 ok=1
Cmd: preprocess
  insize=5621 outsize=340 ok=1
Cmd: preprocess
  insize=3725 outsize=1434 ok=1
Cmd: preprocess
  insize=3770 outsize=487 ok=1
Cmd: preprocess
  insize=9347 outsize=351 ok=1
Cmd: preprocess
  insize=5096 outsize=733 ok=1
Cmd: preprocess
  insize=2760 outsize=234 ok=1
Cmd: preprocess
  insize=4297 outsize=3592 ok=1
Cmd: preprocessCompute
  insize=2236 outsize=2242 ok=1
Cmd: preprocess
  insize=12962 outsize=565 ok=1
Cmd: preprocess
  insize=3464 outsize=1257 ok=1
Cmd: preprocess
  insize=10559 outsize=3882 ok=1
Cmd: preprocess
  insize=2371 outsize=667 ok=1
Cmd: preprocess
  insize=3181 outsize=1014 ok=1
Cmd: preprocess
  insize=7538 outsize=3821 ok=1
Cmd: preprocess
  insize=5860 outsize=2426 ok=1
Cmd: preprocess
  insize=12446 outsize=1048 ok=1
Cmd: preprocess
  insize=2136 outsize=771 ok=1
Cmd: preprocess
  insize=4356 outsize=2602 ok=1
Cmd: preprocess
  insize=4367 outsize=712 ok=1
Cmd: preprocess
  insize=12662 outsize=1878 ok=1
Cmd: preprocess
  insize=682 outsize=231 ok=1
Cmd: preprocess
  insize=7544 outsize=422 ok=1
Cmd: preprocess
  insize=1052 outsize=174 ok=1
Cmd: preprocess
  insize=2581 outsize=863 ok=1
Cmd: preprocess
  insize=1719 outsize=372 ok=1
Cmd: preprocess
  insize=8209 outsize=2050 ok=1
Cmd: preprocess
  insize=11877 outsize=980 ok=1
Cmd: preprocessCompute
  insize=3580 outsize=3586 ok=1
Cmd: preprocess
  insize=945 outsize=218 ok=1
Cmd: preprocessCompute
  insize=3342 outsize=3348 ok=1
Cmd: preprocess
  insize=7773 outsize=2674 ok=1
Cmd: preprocess
  insize=8448 outsize=361 ok=1
Cmd: preprocess
  insize=3273 outsize=324 ok=1
Cmd: preprocess
  insize=1709 outsize=368 ok=1
Cmd: preprocess
  insize=408 outsize=408 ok=1
Cmd: preprocessCompute
  insize=5641 outsize=5645 ok=1
Cmd: preprocess
  insize=8118 outsize=3650 ok=1
Cmd: preprocess
  insize=1242 outsize=410 ok=1
Cmd: preprocess
  insize=10548 outsize=3873 ok=1
Cmd: preprocess
  insize=8121 outsize=3266 ok=1
Cmd: preprocess
  insize=3508 outsize=1607 ok=1
Cmd: preprocess
  insize=5045 outsize=744 ok=1
Cmd: preprocess
  insize=8730 outsize=1015 ok=1
Cmd: preprocess
  insize=2895 outsize=1294 ok=1
Cmd: preprocess
  insize=2991 outsize=340 ok=1
Cmd: preprocess
  insize=2397 outsize=857 ok=1
Cmd: preprocess
  insize=3207 outsize=1205 ok=1
Cmd: preprocess
  insize=3750 outsize=384 ok=1
Cmd: preprocess
  insize=1409 outsize=310 ok=1
Cmd: preprocess
  insize=7631 outsize=2417 ok=1
Cmd: preprocess
  insize=4427 outsize=1759 ok=1
Cmd: preprocess
  insize=3524 outsize=386 ok=1
Cmd: preprocess
  insize=7174 outsize=814 ok=1
Cmd: preprocess
  insize=8982 outsize=2407 ok=1
Cmd: preprocess
  insize=2307 outsize=1077 ok=1
Cmd: preprocess
  insize=1916 outsize=675 ok=1
Cmd: preprocess
  insize=64782 outsize=3161 ok=1
Cmd: preprocess
  insize=64456 outsize=3182 ok=1
Cmd: preprocess
  insize=62564 outsize=3308 ok=1
Cmd: preprocess
  insize=59051 outsize=2879 ok=1
Cmd: preprocess
  insize=68696 outsize=3473 ok=1
Cmd: preprocess
  insize=61245 outsize=3261 ok=1
Cmd: preprocess
  insize=56960 outsize=3106 ok=1
Cmd: preprocess
  insize=49654 outsize=1943 ok=1
